<?xml version="1.0" encoding="UTF-8"?>
<!-- Generated by org.testng.reporters.JUnitReportReporter -->
<testsuite hostname="Tushar" failures="0" tests="1" name="books.ClickOnBooks" time="3.716" errors="0" timestamp="2024-08-02T18:36:17 IST" skipped="0">
  <testcase classname="books.ClickOnBooks" name="clickOnComputers" time="3.716"/>
  <system-out/>
</testsuite> <!-- books.ClickOnBooks -->
