<?xml version="1.0" encoding="UTF-8"?>
<!-- Generated by org.testng.reporters.JUnitReportReporter -->
<testsuite hostname="Tushar" failures="0" tests="1" name="jewelry.AddJewelry_to_Cart_Test" time="14.015" errors="0" timestamp="2024-08-28T17:15:14 IST" skipped="0">
  <testcase classname="jewelry.AddJewelry_to_Cart_Test" name="addJewelryToCart" time="14.015"/>
  <system-out/>
</testsuite> <!-- jewelry.AddJewelry_to_Cart_Test -->
