<?xml version="1.0" encoding="UTF-8"?>
<!-- Generated by org.testng.reporters.JUnitReportReporter -->
<testsuite hostname="Tushar" failures="0" tests="1" name="books.ClickOnBooksTest" time="5.657" errors="0" timestamp="2024-09-03T15:23:20 IST" skipped="0">
  <testcase classname="books.ClickOnBooksTest" name="clickOnBooks" time="5.657"/>
  <system-out>
    <![CDATA[Books page displayed Successfullly ]]>
  </system-out>
</testsuite> <!-- books.ClickOnBooksTest -->
