<?xml version="1.0" encoding="UTF-8"?>
<!-- Generated by org.testng.reporters.JUnitReportReporter -->
<testsuite hostname="Tushar" failures="0" tests="1" name="books.ClickOnComputersTest" time="7.344" errors="0" timestamp="2024-08-28T16:52:22 IST" skipped="0">
  <testcase classname="books.ClickOnComputersTest" name="clickOnComputers" time="7.344"/>
  <system-out/>
</testsuite> <!-- books.ClickOnComputersTest -->
