<?xml version="1.0" encoding="UTF-8"?>
<!-- Generated by org.testng.reporters.JUnitReportReporter -->
<testsuite hostname="Tushar" failures="0" tests="1" name="books.DemoTest" time="2.766" errors="0" timestamp="2024-09-08T20:24:41 IST" skipped="0">
  <testcase classname="books.DemoTest" name="rightClick" time="2.766"/>
  <system-out/>
</testsuite> <!-- books.DemoTest -->
